Determining if the pthread_create exist failed with the following output:
Change Dir: /home/laion/Desktop/alfasoft/intensecoinwallet/intense-build/CMakeFiles/CMakeTmp

Run Build Command:"/usr/bin/make" "cmTC_c14fb/fast"
/usr/bin/make -f CMakeFiles/cmTC_c14fb.dir/build.make CMakeFiles/cmTC_c14fb.dir/build
make[1]: Entering directory '/home/laion/Desktop/alfasoft/intensecoinwallet/intense-build/CMakeFiles/CMakeTmp'
Building C object CMakeFiles/cmTC_c14fb.dir/CheckSymbolExists.c.o
/usr/bin/cc     -o CMakeFiles/cmTC_c14fb.dir/CheckSymbolExists.c.o   -c /home/laion/Desktop/alfasoft/intensecoinwallet/intense-build/CMakeFiles/CMakeTmp/CheckSymbolExists.c
Linking C executable cmTC_c14fb
/usr/bin/cmake -E cmake_link_script CMakeFiles/cmTC_c14fb.dir/link.txt --verbose=1
/usr/bin/cc       CMakeFiles/cmTC_c14fb.dir/CheckSymbolExists.c.o  -o cmTC_c14fb -rdynamic 
CMakeFiles/cmTC_c14fb.dir/CheckSymbolExists.c.o: In function `main':
CheckSymbolExists.c:(.text+0x16): undefined reference to `pthread_create'
collect2: error: ld returned 1 exit status
CMakeFiles/cmTC_c14fb.dir/build.make:97: recipe for target 'cmTC_c14fb' failed
make[1]: *** [cmTC_c14fb] Error 1
make[1]: Leaving directory '/home/laion/Desktop/alfasoft/intensecoinwallet/intense-build/CMakeFiles/CMakeTmp'
Makefile:126: recipe for target 'cmTC_c14fb/fast' failed
make: *** [cmTC_c14fb/fast] Error 2

File /home/laion/Desktop/alfasoft/intensecoinwallet/intense-build/CMakeFiles/CMakeTmp/CheckSymbolExists.c:
/* */
#include <pthread.h>

int main(int argc, char** argv)
{
  (void)argv;
#ifndef pthread_create
  return ((int*)(&pthread_create))[argc];
#else
  (void)argc;
  return 0;
#endif
}

Determining if the function rl_copy_text exists failed with the following output:
Change Dir: /home/laion/Desktop/alfasoft/intensecoinwallet/intense-build/CMakeFiles/CMakeTmp

Run Build Command:"/usr/bin/make" "cmTC_3e00d/fast"
/usr/bin/make -f CMakeFiles/cmTC_3e00d.dir/build.make CMakeFiles/cmTC_3e00d.dir/build
make[1]: Entering directory '/home/laion/Desktop/alfasoft/intensecoinwallet/intense-build/CMakeFiles/CMakeTmp'
Building C object CMakeFiles/cmTC_3e00d.dir/CheckFunctionExists.c.o
/usr/bin/cc    -fno-strict-aliasing -maes -std=c11 -D_GNU_SOURCE   -Wall -Wextra -Wpointer-arith -Wundef -Wvla -Wwrite-strings -Wno-error=extra -Wno-error=deprecated-declarations -Wno-unused-parameter -Wno-unused-variable -Wno-error=unused-variable -Wno-error=undef -Wno-error=uninitialized -Wlogical-op -Wno-error=maybe-uninitialized -Waggregate-return -Wnested-externs -Wold-style-definition -Wstrict-prototypes -march=native   -fno-strict-aliasing -DCHECK_FUNCTION_EXISTS=rl_copy_text   -o CMakeFiles/cmTC_3e00d.dir/CheckFunctionExists.c.o   -c /usr/share/cmake-3.5/Modules/CheckFunctionExists.c
/usr/share/cmake-3.5/Modules/CheckFunctionExists.c:6:1: warning: function declaration isn’t a prototype [-Wstrict-prototypes]
 char CHECK_FUNCTION_EXISTS();
 ^
Linking C executable cmTC_3e00d
/usr/bin/cmake -E cmake_link_script CMakeFiles/cmTC_3e00d.dir/link.txt --verbose=1
/usr/bin/cc   -fno-strict-aliasing -maes -std=c11 -D_GNU_SOURCE   -Wall -Wextra -Wpointer-arith -Wundef -Wvla -Wwrite-strings -Wno-error=extra -Wno-error=deprecated-declarations -Wno-unused-parameter -Wno-unused-variable -Wno-error=unused-variable -Wno-error=undef -Wno-error=uninitialized -Wlogical-op -Wno-error=maybe-uninitialized -Waggregate-return -Wnested-externs -Wold-style-definition -Wstrict-prototypes -march=native   -fno-strict-aliasing -DCHECK_FUNCTION_EXISTS=rl_copy_text    CMakeFiles/cmTC_3e00d.dir/CheckFunctionExists.c.o  -o cmTC_3e00d -rdynamic 
CMakeFiles/cmTC_3e00d.dir/CheckFunctionExists.c.o: In function `main':
CheckFunctionExists.c:(.text+0x15): undefined reference to `rl_copy_text'
collect2: error: ld returned 1 exit status
CMakeFiles/cmTC_3e00d.dir/build.make:97: recipe for target 'cmTC_3e00d' failed
make[1]: *** [cmTC_3e00d] Error 1
make[1]: Leaving directory '/home/laion/Desktop/alfasoft/intensecoinwallet/intense-build/CMakeFiles/CMakeTmp'
Makefile:126: recipe for target 'cmTC_3e00d/fast' failed
make: *** [cmTC_3e00d/fast] Error 2


Determining if the function rl_filename_completion_function exists failed with the following output:
Change Dir: /home/laion/Desktop/alfasoft/intensecoinwallet/intense-build/CMakeFiles/CMakeTmp

Run Build Command:"/usr/bin/make" "cmTC_78380/fast"
/usr/bin/make -f CMakeFiles/cmTC_78380.dir/build.make CMakeFiles/cmTC_78380.dir/build
make[1]: Entering directory '/home/laion/Desktop/alfasoft/intensecoinwallet/intense-build/CMakeFiles/CMakeTmp'
Building C object CMakeFiles/cmTC_78380.dir/CheckFunctionExists.c.o
/usr/bin/cc    -fno-strict-aliasing -maes -std=c11 -D_GNU_SOURCE   -Wall -Wextra -Wpointer-arith -Wundef -Wvla -Wwrite-strings -Wno-error=extra -Wno-error=deprecated-declarations -Wno-unused-parameter -Wno-unused-variable -Wno-error=unused-variable -Wno-error=undef -Wno-error=uninitialized -Wlogical-op -Wno-error=maybe-uninitialized -Waggregate-return -Wnested-externs -Wold-style-definition -Wstrict-prototypes -march=native   -fno-strict-aliasing -DCHECK_FUNCTION_EXISTS=rl_filename_completion_function   -o CMakeFiles/cmTC_78380.dir/CheckFunctionExists.c.o   -c /usr/share/cmake-3.5/Modules/CheckFunctionExists.c
/usr/share/cmake-3.5/Modules/CheckFunctionExists.c:6:1: warning: function declaration isn’t a prototype [-Wstrict-prototypes]
 char CHECK_FUNCTION_EXISTS();
 ^
Linking C executable cmTC_78380
/usr/bin/cmake -E cmake_link_script CMakeFiles/cmTC_78380.dir/link.txt --verbose=1
/usr/bin/cc   -fno-strict-aliasing -maes -std=c11 -D_GNU_SOURCE   -Wall -Wextra -Wpointer-arith -Wundef -Wvla -Wwrite-strings -Wno-error=extra -Wno-error=deprecated-declarations -Wno-unused-parameter -Wno-unused-variable -Wno-error=unused-variable -Wno-error=undef -Wno-error=uninitialized -Wlogical-op -Wno-error=maybe-uninitialized -Waggregate-return -Wnested-externs -Wold-style-definition -Wstrict-prototypes -march=native   -fno-strict-aliasing -DCHECK_FUNCTION_EXISTS=rl_filename_completion_function    CMakeFiles/cmTC_78380.dir/CheckFunctionExists.c.o  -o cmTC_78380 -rdynamic 
CMakeFiles/cmTC_78380.dir/CheckFunctionExists.c.o: In function `main':
CheckFunctionExists.c:(.text+0x15): undefined reference to `rl_filename_completion_function'
collect2: error: ld returned 1 exit status
CMakeFiles/cmTC_78380.dir/build.make:97: recipe for target 'cmTC_78380' failed
make[1]: *** [cmTC_78380] Error 1
make[1]: Leaving directory '/home/laion/Desktop/alfasoft/intensecoinwallet/intense-build/CMakeFiles/CMakeTmp'
Makefile:126: recipe for target 'cmTC_78380/fast' failed
make: *** [cmTC_78380/fast] Error 2


Determining if the function rl_copy_text exists failed with the following output:
Change Dir: /home/laion/Desktop/alfasoft/intensecoinwallet/intense-build/CMakeFiles/CMakeTmp

Run Build Command:"/usr/bin/make" "cmTC_d4366/fast"
/usr/bin/make -f CMakeFiles/cmTC_d4366.dir/build.make CMakeFiles/cmTC_d4366.dir/build
make[1]: Entering directory '/home/laion/Desktop/alfasoft/intensecoinwallet/intense-build/CMakeFiles/CMakeTmp'
Building C object CMakeFiles/cmTC_d4366.dir/CheckFunctionExists.c.o
/usr/bin/cc    -fno-strict-aliasing -maes -std=c11 -D_GNU_SOURCE   -Wall -Wextra -Wpointer-arith -Wundef -Wvla -Wwrite-strings -Wno-error=extra -Wno-error=deprecated-declarations -Wno-unused-parameter -Wno-unused-variable -Wno-error=unused-variable -Wno-error=undef -Wno-error=uninitialized -Wlogical-op -Wno-error=maybe-uninitialized -Waggregate-return -Wnested-externs -Wold-style-definition -Wstrict-prototypes -march=native   -fno-strict-aliasing -DCHECK_FUNCTION_EXISTS=rl_copy_text   -o CMakeFiles/cmTC_d4366.dir/CheckFunctionExists.c.o   -c /usr/share/cmake-3.5/Modules/CheckFunctionExists.c
/usr/share/cmake-3.5/Modules/CheckFunctionExists.c:6:1: warning: function declaration isn’t a prototype [-Wstrict-prototypes]
 char CHECK_FUNCTION_EXISTS();
 ^
Linking C executable cmTC_d4366
/usr/bin/cmake -E cmake_link_script CMakeFiles/cmTC_d4366.dir/link.txt --verbose=1
/usr/bin/cc   -fno-strict-aliasing -maes -std=c11 -D_GNU_SOURCE   -Wall -Wextra -Wpointer-arith -Wundef -Wvla -Wwrite-strings -Wno-error=extra -Wno-error=deprecated-declarations -Wno-unused-parameter -Wno-unused-variable -Wno-error=unused-variable -Wno-error=undef -Wno-error=uninitialized -Wlogical-op -Wno-error=maybe-uninitialized -Waggregate-return -Wnested-externs -Wold-style-definition -Wstrict-prototypes -march=native   -fno-strict-aliasing -DCHECK_FUNCTION_EXISTS=rl_copy_text    CMakeFiles/cmTC_d4366.dir/CheckFunctionExists.c.o  -o cmTC_d4366 -rdynamic 
CMakeFiles/cmTC_d4366.dir/CheckFunctionExists.c.o: In function `main':
CheckFunctionExists.c:(.text+0x15): undefined reference to `rl_copy_text'
collect2: error: ld returned 1 exit status
CMakeFiles/cmTC_d4366.dir/build.make:97: recipe for target 'cmTC_d4366' failed
make[1]: *** [cmTC_d4366] Error 1
make[1]: Leaving directory '/home/laion/Desktop/alfasoft/intensecoinwallet/intense-build/CMakeFiles/CMakeTmp'
Makefile:126: recipe for target 'cmTC_d4366/fast' failed
make: *** [cmTC_d4366/fast] Error 2


Determining if the function rl_filename_completion_function exists failed with the following output:
Change Dir: /home/laion/Desktop/alfasoft/intensecoinwallet/intense-build/CMakeFiles/CMakeTmp

Run Build Command:"/usr/bin/make" "cmTC_a656c/fast"
/usr/bin/make -f CMakeFiles/cmTC_a656c.dir/build.make CMakeFiles/cmTC_a656c.dir/build
make[1]: Entering directory '/home/laion/Desktop/alfasoft/intensecoinwallet/intense-build/CMakeFiles/CMakeTmp'
Building C object CMakeFiles/cmTC_a656c.dir/CheckFunctionExists.c.o
/usr/bin/cc    -fno-strict-aliasing -maes -std=c11 -D_GNU_SOURCE   -Wall -Wextra -Wpointer-arith -Wundef -Wvla -Wwrite-strings -Wno-error=extra -Wno-error=deprecated-declarations -Wno-unused-parameter -Wno-unused-variable -Wno-error=unused-variable -Wno-error=undef -Wno-error=uninitialized -Wlogical-op -Wno-error=maybe-uninitialized -Waggregate-return -Wnested-externs -Wold-style-definition -Wstrict-prototypes -march=native   -fno-strict-aliasing -DCHECK_FUNCTION_EXISTS=rl_filename_completion_function   -o CMakeFiles/cmTC_a656c.dir/CheckFunctionExists.c.o   -c /usr/share/cmake-3.5/Modules/CheckFunctionExists.c
/usr/share/cmake-3.5/Modules/CheckFunctionExists.c:6:1: warning: function declaration isn’t a prototype [-Wstrict-prototypes]
 char CHECK_FUNCTION_EXISTS();
 ^
Linking C executable cmTC_a656c
/usr/bin/cmake -E cmake_link_script CMakeFiles/cmTC_a656c.dir/link.txt --verbose=1
/usr/bin/cc   -fno-strict-aliasing -maes -std=c11 -D_GNU_SOURCE   -Wall -Wextra -Wpointer-arith -Wundef -Wvla -Wwrite-strings -Wno-error=extra -Wno-error=deprecated-declarations -Wno-unused-parameter -Wno-unused-variable -Wno-error=unused-variable -Wno-error=undef -Wno-error=uninitialized -Wlogical-op -Wno-error=maybe-uninitialized -Waggregate-return -Wnested-externs -Wold-style-definition -Wstrict-prototypes -march=native   -fno-strict-aliasing -DCHECK_FUNCTION_EXISTS=rl_filename_completion_function    CMakeFiles/cmTC_a656c.dir/CheckFunctionExists.c.o  -o cmTC_a656c -rdynamic 
CMakeFiles/cmTC_a656c.dir/CheckFunctionExists.c.o: In function `main':
CheckFunctionExists.c:(.text+0x15): undefined reference to `rl_filename_completion_function'
collect2: error: ld returned 1 exit status
CMakeFiles/cmTC_a656c.dir/build.make:97: recipe for target 'cmTC_a656c' failed
make[1]: *** [cmTC_a656c] Error 1
make[1]: Leaving directory '/home/laion/Desktop/alfasoft/intensecoinwallet/intense-build/CMakeFiles/CMakeTmp'
Makefile:126: recipe for target 'cmTC_a656c/fast' failed
make: *** [cmTC_a656c/fast] Error 2


